<?xml version="1.0" encoding="UTF-8"?>
<!-- Generated by org.testng.reporters.JUnitReportReporter -->
<testsuite hostname="SESHU" name="TestNg.BasicTest" tests="1" failures="0" timestamp="2 Feb 2023 09:14:17 GMT" time="0.002" errors="0">
  <testcase name="f" time="0.002" classname="TestNg.BasicTest"/>
</testsuite> <!-- TestNg.BasicTest -->
