<?xml version="1.0" encoding="UTF-8"?>
<!-- Generated by org.testng.reporters.JUnitReportReporter -->
<testsuite hostname="SESHU" name="TestNg.NewTest" tests="3" failures="0" timestamp="30 Jan 2023 06:31:02 GMT" time="0.025" errors="0">
  <testcase name="f2" time="0.005" classname="TestNg.NewTest"/>
  <testcase name="f" time="0.016" classname="TestNg.NewTest"/>
  <testcase name="f1" time="0.004" classname="TestNg.NewTest"/>
</testsuite> <!-- TestNg.NewTest -->
