<?xml version="1.0" encoding="UTF-8"?>
<!-- Generated by org.testng.reporters.JUnitReportReporter -->
<testsuite hostname="SESHU" name="Testng.RegistertionTest" tests="1" failures="0" timestamp="29 Jan 2023 06:10:35 GMT" time="11.410" errors="0">
  <testcase name="seshu" time="11.410" classname="Testng.RegistertionTest"/>
</testsuite> <!-- Testng.RegistertionTest -->
