<?xml version="1.0" encoding="UTF-8"?>
<!-- Generated by org.testng.reporters.JUnitReportReporter -->
<testsuite hostname="SESHU" name="TestNg.LoginTest2" tests="1" failures="0" timestamp="2 Feb 2023 03:48:16 GMT" time="7.414" errors="0">
  <testcase name="start" time="7.414" classname="TestNg.LoginTest2"/>
</testsuite> <!-- TestNg.LoginTest2 -->
